<?xml version="1.0" encoding="UTF-8"?>
<!-- Generated by org.testng.reporters.JUnitXMLReporter -->
<testsuite ignored="1" hostname="DESKTOP-J8D17KJ" failures="0" tests="5" name="Default test" time="13.733" errors="0" timestamp="2024-05-14T12:04:24 IST">
  <testcase classname="TestNG.BasicsOfTestNg" name="Flipkart" time="3.805"/>
  <testcase classname="TestNG.BasicsOfTestNg" name="Myntra" time="7.022"/>
  <testcase classname="TestNG.BasicsOfTestNg" name="Myntra" time="7.183"/>
  <testcase classname="TestNG.BasicsOfTestNg" name="Myntra" time="7.635"/>
  <testcase classname="TestNG.BasicsOfTestNg" name="Amazon" time="2.262"/>
  <testcase classname="TestNG.BasicsOfTestNg" name="W3School" time="0.0">
    <ignored/>
  </testcase> <!-- W3School -->
</testsuite> <!-- Default test -->
