<?xml version="1.0" encoding="UTF-8"?>
<!-- Generated by org.testng.reporters.JUnitXMLReporter -->
<testsuite ignored="3" hostname="DESKTOP-J8D17KJ" failures="0" tests="2" name="Test" time="6.712" errors="0" timestamp="2024-05-15T12:04:54 IST">
  <testcase classname="TestNGExcution.Swiggy" name="swiggy" time="2.94"/>
  <testcase classname="TestNGExcution.Foodpanda" name="foodpanda" time="3.737"/>
  <testcase classname="TestNGExcution.KFC" name="kFC" time="0.0">
    <ignored/>
  </testcase> <!-- kFC -->
  <testcase classname="TestNGExcution.Blinkit" name="blinkit" time="0.0">
    <ignored/>
  </testcase> <!-- blinkit -->
  <testcase classname="TestNGExcution.Zomato" name="zomato" time="0.0">
    <ignored/>
  </testcase> <!-- zomato -->
</testsuite> <!-- Test -->
