<?xml version="1.0" encoding="UTF-8"?>
<testng-results ignored="3" total="5" passed="2" failed="0" skipped="0">
  <reporter-output>
    <line>
      <![CDATA[Swiggy Page]]>
    </line>
    <line>
      <![CDATA[Foodpanda Page]]>
    </line>
  </reporter-output>
  <suite started-at="2024-05-15T12:04:48 IST" name="Suite" finished-at="2024-05-15T12:04:54 IST" duration-ms="6712">
    <groups>
      <group name="System">
        <method signature="Foodpanda.foodpanda()[pri:0, instance:TestNGExcution.Foodpanda@505fc5a4]" name="foodpanda" class="TestNGExcution.Foodpanda"/>
        <method signature="Swiggy.swiggy()[pri:0, instance:TestNGExcution.Swiggy@2a54a73f]" name="swiggy" class="TestNGExcution.Swiggy"/>
      </group> <!-- System -->
    </groups>
    <test started-at="2024-05-15T12:04:48 IST" name="Test" finished-at="2024-05-15T12:04:54 IST" duration-ms="6712">
      <class name="TestNGExcution.Swiggy">
        <test-method signature="swiggy()[pri:0, instance:TestNGExcution.Swiggy@2a54a73f]" started-at="2024-05-15T12:04:48 IST" name="swiggy" finished-at="2024-05-15T12:04:51 IST" duration-ms="2940" status="PASS">
          <reporter-output>
            <line>
              <![CDATA[Swiggy Page]]>
            </line>
          </reporter-output>
        </test-method> <!-- swiggy -->
      </class> <!-- TestNGExcution.Swiggy -->
      <class name="TestNGExcution.Foodpanda">
        <test-method signature="foodpanda()[pri:0, instance:TestNGExcution.Foodpanda@505fc5a4]" started-at="2024-05-15T12:04:51 IST" name="foodpanda" finished-at="2024-05-15T12:04:54 IST" duration-ms="3737" status="PASS">
          <reporter-output>
            <line>
              <![CDATA[Foodpanda Page]]>
            </line>
          </reporter-output>
        </test-method> <!-- foodpanda -->
      </class> <!-- TestNGExcution.Foodpanda -->
    </test> <!-- Test -->
  </suite> <!-- Suite -->
</testng-results>
